2013-06-28 01:19:55,471 Performance - ---------------------------------------------------
CPU Usage: 0.00%, Physical Memory Usage: 23,474,176.00, Total Thread Count: 12
AvailableWorkingThreads: 1022, AvailableCompletionPortThreads: 1000
MaxWorkingThreads: 1023, MaxCompletionPortThreads: 1000
elePushServices ----------------------------------
Started Time: 2013/6/28 1:19:55
Is Running: True
Total Connections: 0
Maximum Allowed Connection Number: 100
Total Handled Requests: 0
Request Handling Speed (#/second): 0
Avialable Sending Queue Items: 256
Total Sending Queue Items: 256

2013-06-28 01:20:55,422 Performance - ---------------------------------------------------
CPU Usage: 0.12%, Physical Memory Usage: 27,840,512.00, Total Thread Count: 15
AvailableWorkingThreads: 1020, AvailableCompletionPortThreads: 1000
MaxWorkingThreads: 1023, MaxCompletionPortThreads: 1000
elePushServices ----------------------------------
Started Time: 2013/6/28 1:19:55
Is Running: True
Total Connections: 1
Maximum Allowed Connection Number: 100
Total Handled Requests: 2
Request Handling Speed (#/second): 0
Avialable Sending Queue Items: 255
Total Sending Queue Items: 256

